<?xml version="1.0" encoding="UTF-8"?>
<!-- Generated by org.testng.reporters.JUnitReportReporter -->
<testsuite skipped="0" hostname="Riyaz" name="MethodParallelExecution" tests="2" failures="0" timestamp="31 Aug 2020 08:35:48 GMT" time="0.604" errors="0">
  <testcase name="testTwo" time="0.311" classname="MethodParallelExecution"/>
  <testcase name="testOne" time="0.293" classname="MethodParallelExecution"/>
</testsuite> <!-- MethodParallelExecution -->
